<?xml version="1.0" encoding="UTF-8"?>
<!-- Generated by org.testng.reporters.JUnitReportReporter -->
<testsuite hostname="JAVA" name="persistent.selMaven.DragAndDrop" tests="1" failures="0" timestamp="17 Sep 2014 12:42:36 GMT" time="121.115" errors="0">
  <testcase name="firstRun" time="121.115" classname="persistent.selMaven.DragAndDrop"/>
</testsuite> <!-- persistent.selMaven.DragAndDrop -->
