<?xml version="1.0" encoding="UTF-8"?>
<!-- Generated by org.testng.reporters.JUnitReportReporter -->
<testsuite hostname="JAVA" name="persistent.selMaven.ExplicitWait" tests="1" failures="0" timestamp="18 Sep 2014 06:28:31 GMT" time="143.922" errors="0">
  <testcase name="firstRun" time="143.922" classname="persistent.selMaven.ExplicitWait"/>
</testsuite> <!-- persistent.selMaven.ExplicitWait -->
