<?xml version="1.0" encoding="UTF-8"?>
<!-- Generated by org.testng.reporters.JUnitReportReporter -->
<testsuite hostname="JAVA" name="persistent.selMaven.GetProperty" tests="1" failures="0" timestamp="18 Sep 2014 11:50:59 GMT" time="63.139" errors="0">
  <testcase name="f" time="63.139" classname="persistent.selMaven.GetProperty"/>
</testsuite> <!-- persistent.selMaven.GetProperty -->
