<?xml version="1.0" encoding="UTF-8"?>
<!-- Generated by org.testng.reporters.JUnitReportReporter -->
<testsuite hostname="JAVA" name="persistent.selMaven.WindowHandling" tests="1" failures="0" timestamp="18 Sep 2014 07:41:03 GMT" time="15.612" errors="0">
  <testcase name="firstRun" time="15.612" classname="persistent.selMaven.WindowHandling"/>
</testsuite> <!-- persistent.selMaven.WindowHandling -->
