<?xml version="1.0" encoding="UTF-8"?>
<!-- Generated by org.testng.reporters.JUnitReportReporter -->
<testsuite hostname="JAVA" name="persistent.selMaven.MouseHoverTest" tests="1" failures="0" timestamp="17 Sep 2014 11:30:11 GMT" time="83.850" errors="0">
  <testcase name="firstRun" time="83.850" classname="persistent.selMaven.MouseHoverTest"/>
</testsuite> <!-- persistent.selMaven.MouseHoverTest -->
