<?xml version="1.0" encoding="UTF-8"?>
<!-- Generated by org.testng.reporters.JUnitReportReporter -->
<testsuite hostname="JAVA" name="persistent.selMaven.ScreenShot" tests="1" failures="0" timestamp="18 Sep 2014 08:36:44 GMT" time="3.484" errors="0">
  <testcase name="takeSnapShot" time="3.484" classname="persistent.selMaven.ScreenShot"/>
</testsuite> <!-- persistent.selMaven.ScreenShot -->
