<?xml version="1.0" encoding="UTF-8"?>
<!-- Generated by org.testng.reporters.JUnitReportReporter -->
<testsuite hostname="JAVA" name="persistent.selMaven.LocatorStrategy" tests="1" failures="0" timestamp="17 Sep 2014 11:42:31 GMT" time="145.240" errors="0">
  <testcase name="firstRun" time="145.240" classname="persistent.selMaven.LocatorStrategy"/>
</testsuite> <!-- persistent.selMaven.LocatorStrategy -->
