<?xml version="1.0" encoding="UTF-8"?>
<!-- Generated by org.testng.reporters.JUnitReportReporter -->
<testsuite hostname="JAVA" name="persistent.selMaven.TestLogs" tests="1" failures="0" timestamp="19 Sep 2014 05:31:53 GMT" time="104.113" errors="0">
  <testcase name="f" time="104.113" classname="persistent.selMaven.TestLogs"/>
</testsuite> <!-- persistent.selMaven.TestLogs -->
