<?xml version="1.0" encoding="UTF-8"?>
<!-- Generated by org.testng.reporters.JUnitReportReporter -->
<testsuite hostname="JAVA" name="persistent.selMaven.FireFoxProfile" tests="1" failures="0" timestamp="19 Sep 2014 11:01:45 GMT" time="38.928" errors="0">
  <testcase name="f" time="38.928" classname="persistent.selMaven.FireFoxProfile"/>
</testsuite> <!-- persistent.selMaven.FireFoxProfile -->
