<?xml version="1.0" encoding="UTF-8"?>
<!-- Generated by org.testng.reporters.JUnitReportReporter -->
<testsuite hostname="JAVA" name="persistent.selMaven.ExcelSheetHandling" tests="1" failures="0" timestamp="18 Sep 2014 12:27:28 GMT" time="0.437" errors="0">
  <testcase name="f" time="0.437" classname="persistent.selMaven.ExcelSheetHandling"/>
</testsuite> <!-- persistent.selMaven.ExcelSheetHandling -->
